Running main() from gtest_main.cc
[==========] Running 2 tests from 1 test case.
[----------] Global test environment set-up.
[----------] 2 tests from TestyPrvejUlohy
[ RUN      ] TestyPrvejUlohy.Jedna
/test/tests.cpp:12: Failure
      Expected: jeParny(1)
      Which is: true
To be equal to: false
[  FAILED  ] TestyPrvejUlohy.Jedna (0 ms)
[ RUN      ] TestyPrvejUlohy.Dva
/test/tests.cpp:16: Failure
      Expected: jeParny(2)
      Which is: false
To be equal to: true
[  FAILED  ] TestyPrvejUlohy.Dva (0 ms)
[----------] 2 tests from TestyPrvejUlohy (0 ms total)

[----------] Global test environment tear-down
[==========] 2 tests from 1 test case ran. (0 ms total)
[  PASSED  ] 0 tests.
[  FAILED  ] 2 tests, listed below:
[  FAILED  ] TestyPrvejUlohy.Jedna
[  FAILED  ] TestyPrvejUlohy.Dva

 2 FAILED TESTS
